  main.cpp
e:\graphics\quarter project\lab going3d\src\main.cpp(25): warning C4305: 'initializing': truncation from 'double' to 'float'
e:\graphics\quarter project\lab going3d\src\main.cpp(26): warning C4305: 'initializing': truncation from 'double' to 'float'
e:\graphics\quarter project\lab going3d\src\main.cpp(28): warning C4305: 'initializing': truncation from 'double' to 'float'
e:\graphics\quarter project\lab going3d\src\main.cpp(31): warning C4305: 'initializing': truncation from 'double' to 'float'
e:\graphics\quarter project\lab going3d\src\main.cpp(32): warning C4305: 'initializing': truncation from 'double' to 'float'
e:\graphics\quarter project\lab going3d\src\main.cpp(33): warning C4305: 'initializing': truncation from 'double' to 'float'
e:\graphics\quarter project\lab going3d\src\main.cpp(37): warning C4305: 'initializing': truncation from 'double' to 'float'
e:\graphics\quarter project\lab going3d\src\main.cpp(38): warning C4305: 'initializing': truncation from 'double' to 'float'
e:\graphics\quarter project\lab going3d\src\main.cpp(40): warning C4305: 'initializing': truncation from 'double' to 'float'
e:\graphics\quarter project\lab going3d\src\main.cpp(43): warning C4305: 'initializing': truncation from 'double' to 'float'
e:\graphics\quarter project\lab going3d\src\main.cpp(44): warning C4305: 'initializing': truncation from 'double' to 'float'
e:\graphics\quarter project\lab going3d\src\main.cpp(45): warning C4305: 'initializing': truncation from 'double' to 'float'
e:\graphics\quarter project\lab going3d\src\main.cpp(254): warning C4101: 'posY': unreferenced local variable
e:\graphics\quarter project\lab going3d\src\main.cpp(255): warning C4101: 'newPt': unreferenced local variable
e:\graphics\quarter project\lab going3d\src\main.cpp(254): warning C4101: 'posX': unreferenced local variable
e:\graphics\quarter project\lab going3d\src\main.cpp(438): warning C4305: 'initializing': truncation from 'double' to 'float'
e:\graphics\quarter project\lab going3d\src\main.cpp(726): warning C4305: 'initializing': truncation from 'double' to 'float'
e:\graphics\quarter project\lab going3d\src\main.cpp(727): warning C4305: 'initializing': truncation from 'double' to 'float'
e:\graphics\quarter project\lab going3d\src\main.cpp(777): warning C4305: '=': truncation from 'double' to 'float'
  lab going3D.vcxproj -> E:\Graphics\Quarter Project\lab going3D\Debug\lab going3D.exe
  lab going3D.vcxproj -> E:\Graphics\Quarter Project\lab going3D\Debug\lab going3D.pdb (Partial PDB)
